2024-04-22 12:43:04.481 - Info	
Packing C:\Users\nilesh.s\Downloads\FileUploader\FatumFileUploader\Solution\obj\Debug\Metadata to bin\Debug\Solution.zip

2024-04-22 12:43:04.498 - Info	Processing Component: Entities
2024-04-22 12:43:04.500 - Info	Processing Component: Roles
2024-04-22 12:43:04.503 - Info	Processing Component: Workflows
2024-04-22 12:43:04.504 - Info	Processing Component: FieldSecurityProfiles
2024-04-22 12:43:04.504 - Info	Processing Component: Templates
2024-04-22 12:43:04.505 - Info	Processing Component: EntityMaps
2024-04-22 12:43:04.505 - Info	Processing Component: EntityRelationships
2024-04-22 12:43:04.509 - Info	Processing Component: OrganizationSettings
2024-04-22 12:43:04.510 - Info	Processing Component: optionsets
2024-04-22 12:43:04.511 - Info	Processing Component: CustomControls
2024-04-22 12:43:04.519 - Info	 - BeverControls.DragAndDropArea
2024-04-22 12:43:04.524 - Info	Processing Component: SolutionPluginAssemblies
2024-04-22 12:43:04.525 - Info	Processing Component: EntityDataProviders
2024-04-22 12:43:04.535 - Info	Processing Sharded Component Files
2024-04-22 12:43:04.629 - Info	
Unmanaged Pack complete.

2024-04-22 13:33:37.696 - Info	
Packing C:\Users\nilesh.s\Downloads\FileUploader\FatumFileUploader\Solution\obj\Debug\Metadata to bin\Debug\Solution.zip

2024-04-22 13:33:37.732 - Info	Processing Component: Entities
2024-04-22 13:33:37.738 - Info	Processing Component: Roles
2024-04-22 13:33:37.749 - Info	Processing Component: Workflows
2024-04-22 13:33:37.750 - Info	Processing Component: FieldSecurityProfiles
2024-04-22 13:33:37.751 - Info	Processing Component: Templates
2024-04-22 13:33:37.753 - Info	Processing Component: EntityMaps
2024-04-22 13:33:37.754 - Info	Processing Component: EntityRelationships
2024-04-22 13:33:37.762 - Info	Processing Component: OrganizationSettings
2024-04-22 13:33:37.763 - Info	Processing Component: optionsets
2024-04-22 13:33:37.764 - Info	Processing Component: CustomControls
2024-04-22 13:33:37.787 - Info	 - BeverControls.DragAndDropArea
2024-04-22 13:33:37.797 - Info	Processing Component: SolutionPluginAssemblies
2024-04-22 13:33:37.801 - Info	Processing Component: EntityDataProviders
2024-04-22 13:33:37.812 - Info	Processing Sharded Component Files
2024-04-22 13:33:38.067 - Info	
Unmanaged Pack complete.

2024-04-22 13:52:23.483 - Info	
Packing C:\Users\nilesh.s\Downloads\FileUploader\FatumFileUploader\Solution\obj\Debug\Metadata to bin\Debug\Solution.zip

2024-04-22 13:52:23.519 - Info	Processing Component: Entities
2024-04-22 13:52:23.527 - Info	Processing Component: Roles
2024-04-22 13:52:23.535 - Info	Processing Component: Workflows
2024-04-22 13:52:23.537 - Info	Processing Component: FieldSecurityProfiles
2024-04-22 13:52:23.538 - Info	Processing Component: Templates
2024-04-22 13:52:23.540 - Info	Processing Component: EntityMaps
2024-04-22 13:52:23.541 - Info	Processing Component: EntityRelationships
2024-04-22 13:52:23.549 - Info	Processing Component: OrganizationSettings
2024-04-22 13:52:23.552 - Info	Processing Component: optionsets
2024-04-22 13:52:23.553 - Info	Processing Component: CustomControls
2024-04-22 13:52:23.576 - Info	 - BeverControls.DragAndDropArea
2024-04-22 13:52:23.589 - Info	Processing Component: SolutionPluginAssemblies
2024-04-22 13:52:23.592 - Info	Processing Component: EntityDataProviders
2024-04-22 13:52:23.606 - Info	Processing Sharded Component Files
2024-04-22 13:52:23.833 - Info	
Unmanaged Pack complete.

2024-04-22 15:21:21.848 - Info	
Packing C:\Users\nilesh.s\Downloads\FileUploader\FatumFileUploader\Solution\obj\Debug\Metadata to bin\Debug\Solution.zip

2024-04-22 15:21:21.864 - Info	Processing Component: Entities
2024-04-22 15:21:21.866 - Info	Processing Component: Roles
2024-04-22 15:21:21.868 - Info	Processing Component: Workflows
2024-04-22 15:21:21.869 - Info	Processing Component: FieldSecurityProfiles
2024-04-22 15:21:21.869 - Info	Processing Component: Templates
2024-04-22 15:21:21.870 - Info	Processing Component: EntityMaps
2024-04-22 15:21:21.870 - Info	Processing Component: EntityRelationships
2024-04-22 15:21:21.873 - Info	Processing Component: OrganizationSettings
2024-04-22 15:21:21.874 - Info	Processing Component: optionsets
2024-04-22 15:21:21.874 - Info	Processing Component: CustomControls
2024-04-22 15:21:21.881 - Info	 - BeverControls.DragAndDropArea
2024-04-22 15:21:21.885 - Info	Processing Component: SolutionPluginAssemblies
2024-04-22 15:21:21.887 - Info	Processing Component: EntityDataProviders
2024-04-22 15:21:21.892 - Info	Processing Sharded Component Files
2024-04-22 15:21:21.996 - Info	
Unmanaged Pack complete.

2024-04-22 15:36:16.817 - Info	
Packing C:\Users\nilesh.s\Downloads\FileUploader\FatumFileUploader\Solution\obj\Debug\Metadata to bin\Debug\Solution.zip

2024-04-22 15:36:16.831 - Info	Processing Component: Entities
2024-04-22 15:36:16.835 - Info	Processing Component: Roles
2024-04-22 15:36:16.838 - Info	Processing Component: Workflows
2024-04-22 15:36:16.838 - Info	Processing Component: FieldSecurityProfiles
2024-04-22 15:36:16.839 - Info	Processing Component: Templates
2024-04-22 15:36:16.839 - Info	Processing Component: EntityMaps
2024-04-22 15:36:16.840 - Info	Processing Component: EntityRelationships
2024-04-22 15:36:16.843 - Info	Processing Component: OrganizationSettings
2024-04-22 15:36:16.844 - Info	Processing Component: optionsets
2024-04-22 15:36:16.845 - Info	Processing Component: CustomControls
2024-04-22 15:36:16.853 - Info	 - BeverControls.DragAndDropArea
2024-04-22 15:36:16.857 - Info	Processing Component: SolutionPluginAssemblies
2024-04-22 15:36:16.859 - Info	Processing Component: EntityDataProviders
2024-04-22 15:36:16.869 - Info	Processing Sharded Component Files
2024-04-22 15:36:17.020 - Info	
Unmanaged Pack complete.

2024-04-22 15:55:17.511 - Info	
Packing C:\Users\nilesh.s\Downloads\FileUploader\FatumFileUploader\Solution\obj\Debug\Metadata to bin\Debug\Solution.zip

2024-04-22 15:55:17.524 - Info	Processing Component: Entities
2024-04-22 15:55:17.526 - Info	Processing Component: Roles
2024-04-22 15:55:17.528 - Info	Processing Component: Workflows
2024-04-22 15:55:17.529 - Info	Processing Component: FieldSecurityProfiles
2024-04-22 15:55:17.529 - Info	Processing Component: Templates
2024-04-22 15:55:17.530 - Info	Processing Component: EntityMaps
2024-04-22 15:55:17.530 - Info	Processing Component: EntityRelationships
2024-04-22 15:55:17.532 - Info	Processing Component: OrganizationSettings
2024-04-22 15:55:17.533 - Info	Processing Component: optionsets
2024-04-22 15:55:17.533 - Info	Processing Component: CustomControls
2024-04-22 15:55:17.539 - Info	 - BeverControls.DragAndDropArea
2024-04-22 15:55:17.543 - Info	Processing Component: SolutionPluginAssemblies
2024-04-22 15:55:17.545 - Info	Processing Component: EntityDataProviders
2024-04-22 15:55:17.552 - Info	Processing Sharded Component Files
2024-04-22 15:55:17.679 - Info	
Unmanaged Pack complete.

2024-04-22 21:49:54.077 - Info	
Packing C:\Users\nilesh.s\Downloads\FileUploader\FatumFileUploader\Solution\obj\Debug\Metadata to bin\Debug\Solution.zip

2024-04-22 21:49:54.095 - Info	Processing Component: Entities
2024-04-22 21:49:54.098 - Info	Processing Component: Roles
2024-04-22 21:49:54.101 - Info	Processing Component: Workflows
2024-04-22 21:49:54.102 - Info	Processing Component: FieldSecurityProfiles
2024-04-22 21:49:54.102 - Info	Processing Component: Templates
2024-04-22 21:49:54.103 - Info	Processing Component: EntityMaps
2024-04-22 21:49:54.103 - Info	Processing Component: EntityRelationships
2024-04-22 21:49:54.106 - Info	Processing Component: OrganizationSettings
2024-04-22 21:49:54.107 - Info	Processing Component: optionsets
2024-04-22 21:49:54.107 - Info	Processing Component: CustomControls
2024-04-22 21:49:54.114 - Info	 - BeverControls.DragAndDropArea
2024-04-22 21:49:54.119 - Info	Processing Component: SolutionPluginAssemblies
2024-04-22 21:49:54.121 - Info	Processing Component: EntityDataProviders
2024-04-22 21:49:54.131 - Info	Processing Sharded Component Files
2024-04-22 21:49:54.268 - Info	
Unmanaged Pack complete.

2024-04-22 22:23:00.171 - Info	
Packing C:\Users\nilesh.s\Downloads\FileUploader\FatumFileUploader\Solution\obj\Debug\Metadata to bin\Debug\Solution.zip

2024-04-22 22:23:00.190 - Info	Processing Component: Entities
2024-04-22 22:23:00.194 - Info	Processing Component: Roles
2024-04-22 22:23:00.197 - Info	Processing Component: Workflows
2024-04-22 22:23:00.198 - Info	Processing Component: FieldSecurityProfiles
2024-04-22 22:23:00.198 - Info	Processing Component: Templates
2024-04-22 22:23:00.199 - Info	Processing Component: EntityMaps
2024-04-22 22:23:00.199 - Info	Processing Component: EntityRelationships
2024-04-22 22:23:00.202 - Info	Processing Component: OrganizationSettings
2024-04-22 22:23:00.204 - Info	Processing Component: optionsets
2024-04-22 22:23:00.204 - Info	Processing Component: CustomControls
2024-04-22 22:23:00.212 - Info	 - BeverControls.DragAndDropArea
2024-04-22 22:23:00.216 - Info	Processing Component: SolutionPluginAssemblies
2024-04-22 22:23:00.219 - Info	Processing Component: EntityDataProviders
2024-04-22 22:23:00.225 - Info	Processing Sharded Component Files
2024-04-22 22:23:00.338 - Info	
Unmanaged Pack complete.

2024-04-22 23:07:31.086 - Info	
Packing C:\Users\nilesh.s\Downloads\FileUploader\FatumFileUploader\Solution\obj\Debug\Metadata to bin\Debug\Solution.zip

2024-04-22 23:07:31.108 - Info	Processing Component: Entities
2024-04-22 23:07:31.114 - Info	Processing Component: Roles
2024-04-22 23:07:31.117 - Info	Processing Component: Workflows
2024-04-22 23:07:31.118 - Info	Processing Component: FieldSecurityProfiles
2024-04-22 23:07:31.118 - Info	Processing Component: Templates
2024-04-22 23:07:31.120 - Info	Processing Component: EntityMaps
2024-04-22 23:07:31.120 - Info	Processing Component: EntityRelationships
2024-04-22 23:07:31.124 - Info	Processing Component: OrganizationSettings
2024-04-22 23:07:31.125 - Info	Processing Component: optionsets
2024-04-22 23:07:31.125 - Info	Processing Component: CustomControls
2024-04-22 23:07:31.136 - Info	 - BeverControls.DragAndDropArea
2024-04-22 23:07:31.142 - Info	Processing Component: SolutionPluginAssemblies
2024-04-22 23:07:31.144 - Info	Processing Component: EntityDataProviders
2024-04-22 23:07:31.149 - Info	Processing Sharded Component Files
2024-04-22 23:07:31.332 - Info	
Unmanaged Pack complete.

2024-04-22 23:32:06.267 - Info	
Packing C:\Users\nilesh.s\Downloads\FileUploader\FatumFileUploader\Solution\obj\Debug\Metadata to bin\Debug\Solution.zip

2024-04-22 23:32:06.283 - Info	Processing Component: Entities
2024-04-22 23:32:06.287 - Info	Processing Component: Roles
2024-04-22 23:32:06.290 - Info	Processing Component: Workflows
2024-04-22 23:32:06.290 - Info	Processing Component: FieldSecurityProfiles
2024-04-22 23:32:06.290 - Info	Processing Component: Templates
2024-04-22 23:32:06.292 - Info	Processing Component: EntityMaps
2024-04-22 23:32:06.292 - Info	Processing Component: EntityRelationships
2024-04-22 23:32:06.295 - Info	Processing Component: OrganizationSettings
2024-04-22 23:32:06.296 - Info	Processing Component: optionsets
2024-04-22 23:32:06.296 - Info	Processing Component: CustomControls
2024-04-22 23:32:06.306 - Info	 - BeverControls.DragAndDropArea
2024-04-22 23:32:06.311 - Info	Processing Component: SolutionPluginAssemblies
2024-04-22 23:32:06.312 - Info	Processing Component: EntityDataProviders
2024-04-22 23:32:06.319 - Info	Processing Sharded Component Files
2024-04-22 23:32:06.447 - Info	
Unmanaged Pack complete.

2024-04-23 17:26:04.875 - Info	
Packing C:\Users\nilesh.s\Downloads\FileUploader\FatumFileUploader\Solution\obj\Debug\Metadata to bin\Debug\Solution.zip

2024-04-23 17:26:04.920 - Info	Processing Component: Entities
2024-04-23 17:26:04.936 - Info	Processing Component: Roles
2024-04-23 17:26:04.962 - Info	Processing Component: Workflows
2024-04-23 17:26:04.965 - Info	Processing Component: FieldSecurityProfiles
2024-04-23 17:26:04.967 - Info	Processing Component: Templates
2024-04-23 17:26:04.968 - Info	Processing Component: EntityMaps
2024-04-23 17:26:04.970 - Info	Processing Component: EntityRelationships
2024-04-23 17:26:04.980 - Info	Processing Component: OrganizationSettings
2024-04-23 17:26:04.982 - Info	Processing Component: optionsets
2024-04-23 17:26:04.983 - Info	Processing Component: CustomControls
2024-04-23 17:26:05.014 - Info	 - BeverControls.DragAndDropArea
2024-04-23 17:26:05.023 - Info	Processing Component: SolutionPluginAssemblies
2024-04-23 17:26:05.026 - Info	Processing Component: EntityDataProviders
2024-04-23 17:26:05.049 - Info	Processing Sharded Component Files
2024-04-23 17:26:05.331 - Info	
Unmanaged Pack complete.

2024-04-26 01:37:52.127 - Info	
Packing C:\Users\nilesh.s\Downloads\FileUploader\FatumFileUploader\Solution\obj\Debug\Metadata to bin\Debug\Solution.zip

2024-04-26 01:37:52.156 - Info	Processing Component: Entities
2024-04-26 01:37:52.161 - Info	Processing Component: Roles
2024-04-26 01:37:52.172 - Info	Processing Component: Workflows
2024-04-26 01:37:52.173 - Info	Processing Component: FieldSecurityProfiles
2024-04-26 01:37:52.173 - Info	Processing Component: Templates
2024-04-26 01:37:52.177 - Info	Processing Component: EntityMaps
2024-04-26 01:37:52.178 - Info	Processing Component: EntityRelationships
2024-04-26 01:37:52.188 - Info	Processing Component: OrganizationSettings
2024-04-26 01:37:52.191 - Info	Processing Component: optionsets
2024-04-26 01:37:52.192 - Info	Processing Component: CustomControls
2024-04-26 01:37:52.216 - Info	 - BeverControls.DragAndDropArea
2024-04-26 01:37:52.228 - Info	Processing Component: SolutionPluginAssemblies
2024-04-26 01:37:52.235 - Info	Processing Component: EntityDataProviders
2024-04-26 01:37:52.258 - Info	Processing Sharded Component Files
2024-04-26 01:37:52.536 - Info	
Unmanaged Pack complete.

2024-04-26 01:58:31.314 - Info	
Packing C:\Users\nilesh.s\Downloads\FileUploader\FatumFileUploader\Solution\obj\Debug\Metadata to bin\Debug\Solution.zip

2024-04-26 01:58:31.364 - Info	Processing Component: Entities
2024-04-26 01:58:31.375 - Info	Processing Component: Roles
2024-04-26 01:58:31.386 - Info	Processing Component: Workflows
2024-04-26 01:58:31.387 - Info	Processing Component: FieldSecurityProfiles
2024-04-26 01:58:31.388 - Info	Processing Component: Templates
2024-04-26 01:58:31.391 - Info	Processing Component: EntityMaps
2024-04-26 01:58:31.392 - Info	Processing Component: EntityRelationships
2024-04-26 01:58:31.403 - Info	Processing Component: OrganizationSettings
2024-04-26 01:58:31.405 - Info	Processing Component: optionsets
2024-04-26 01:58:31.407 - Info	Processing Component: CustomControls
2024-04-26 01:58:31.435 - Info	 - BeverControls.DragAndDropArea
2024-04-26 01:58:31.446 - Info	Processing Component: SolutionPluginAssemblies
2024-04-26 01:58:31.450 - Info	Processing Component: EntityDataProviders
2024-04-26 01:58:31.468 - Info	Processing Sharded Component Files
2024-04-26 01:58:31.733 - Info	
Unmanaged Pack complete.

2024-04-26 02:07:55.952 - Info	
Packing C:\Users\nilesh.s\Downloads\FileUploader\FatumFileUploader\Solution\obj\Debug\Metadata to bin\Debug\Solution.zip

2024-04-26 02:07:55.991 - Info	Processing Component: Entities
2024-04-26 02:07:56.004 - Info	Processing Component: Roles
2024-04-26 02:07:56.015 - Info	Processing Component: Workflows
2024-04-26 02:07:56.018 - Info	Processing Component: FieldSecurityProfiles
2024-04-26 02:07:56.019 - Info	Processing Component: Templates
2024-04-26 02:07:56.022 - Info	Processing Component: EntityMaps
2024-04-26 02:07:56.022 - Info	Processing Component: EntityRelationships
2024-04-26 02:07:56.036 - Info	Processing Component: OrganizationSettings
2024-04-26 02:07:56.039 - Info	Processing Component: optionsets
2024-04-26 02:07:56.040 - Info	Processing Component: CustomControls
2024-04-26 02:07:56.065 - Info	 - BeverControls.DragAndDropArea
2024-04-26 02:07:56.078 - Info	Processing Component: SolutionPluginAssemblies
2024-04-26 02:07:56.081 - Info	Processing Component: EntityDataProviders
2024-04-26 02:07:56.099 - Info	Processing Sharded Component Files
2024-04-26 02:07:56.330 - Info	
Unmanaged Pack complete.

2024-04-26 19:06:36.987 - Info	
Packing C:\Users\nilesh.s\Downloads\FileUploader\FatumFileUploader\Solution\obj\Debug\Metadata to bin\Debug\Solution.zip

2024-04-26 19:06:37.030 - Info	Processing Component: Entities
2024-04-26 19:06:37.039 - Info	Processing Component: Roles
2024-04-26 19:06:37.048 - Info	Processing Component: Workflows
2024-04-26 19:06:37.049 - Info	Processing Component: FieldSecurityProfiles
2024-04-26 19:06:37.050 - Info	Processing Component: Templates
2024-04-26 19:06:37.053 - Info	Processing Component: EntityMaps
2024-04-26 19:06:37.053 - Info	Processing Component: EntityRelationships
2024-04-26 19:06:37.060 - Info	Processing Component: OrganizationSettings
2024-04-26 19:06:37.061 - Info	Processing Component: optionsets
2024-04-26 19:06:37.062 - Info	Processing Component: CustomControls
2024-04-26 19:06:37.084 - Info	 - BeverControls.DragAndDropArea
2024-04-26 19:06:37.094 - Info	Processing Component: SolutionPluginAssemblies
2024-04-26 19:06:37.097 - Info	Processing Component: EntityDataProviders
2024-04-26 19:06:37.117 - Info	Processing Sharded Component Files
2024-04-26 19:06:37.357 - Info	
Unmanaged Pack complete.

2024-05-04 00:06:50.607 - Info	
Packing C:\Users\nilesh.s\Downloads\FileUploader\FatumFileUploader\Solution\obj\Debug\Metadata to bin\Debug\Solution.zip

2024-05-04 00:06:50.620 - Info	Processing Component: Entities
2024-05-04 00:06:50.622 - Info	Processing Component: Roles
2024-05-04 00:06:50.625 - Info	Processing Component: Workflows
2024-05-04 00:06:50.625 - Info	Processing Component: FieldSecurityProfiles
2024-05-04 00:06:50.625 - Info	Processing Component: Templates
2024-05-04 00:06:50.626 - Info	Processing Component: EntityMaps
2024-05-04 00:06:50.626 - Info	Processing Component: EntityRelationships
2024-05-04 00:06:50.628 - Info	Processing Component: OrganizationSettings
2024-05-04 00:06:50.629 - Info	Processing Component: optionsets
2024-05-04 00:06:50.629 - Info	Processing Component: CustomControls
2024-05-04 00:06:50.638 - Info	 - BeverControls.DragAndDropArea
2024-05-04 00:06:50.641 - Info	Processing Component: SolutionPluginAssemblies
2024-05-04 00:06:50.642 - Info	Processing Component: EntityDataProviders
2024-05-04 00:06:50.652 - Info	Processing Sharded Component Files
2024-05-04 00:06:50.778 - Info	
Unmanaged Pack complete.

2024-05-04 00:16:17.887 - Info	
Packing C:\Users\nilesh.s\Downloads\FileUploader\FatumFileUploader\Solution\obj\Debug\Metadata to bin\Debug\Solution.zip

2024-05-04 00:16:17.904 - Info	Processing Component: Entities
2024-05-04 00:16:17.907 - Info	Processing Component: Roles
2024-05-04 00:16:17.911 - Info	Processing Component: Workflows
2024-05-04 00:16:17.912 - Info	Processing Component: FieldSecurityProfiles
2024-05-04 00:16:17.913 - Info	Processing Component: Templates
2024-05-04 00:16:17.914 - Info	Processing Component: EntityMaps
2024-05-04 00:16:17.915 - Info	Processing Component: EntityRelationships
2024-05-04 00:16:17.920 - Info	Processing Component: OrganizationSettings
2024-05-04 00:16:17.922 - Info	Processing Component: optionsets
2024-05-04 00:16:17.923 - Info	Processing Component: CustomControls
2024-05-04 00:16:17.939 - Info	 - BeverControls.DragAndDropArea
2024-05-04 00:16:17.945 - Info	Processing Component: SolutionPluginAssemblies
2024-05-04 00:16:17.947 - Info	Processing Component: EntityDataProviders
2024-05-04 00:16:17.955 - Info	Processing Sharded Component Files
2024-05-04 00:16:18.084 - Info	
Unmanaged Pack complete.

2024-05-04 00:24:12.287 - Info	
Packing C:\Users\nilesh.s\Downloads\FileUploader\FatumFileUploader\Solution\obj\Debug\Metadata to bin\Debug\Solution.zip

2024-05-04 00:24:12.303 - Info	Processing Component: Entities
2024-05-04 00:24:12.307 - Info	Processing Component: Roles
2024-05-04 00:24:12.310 - Info	Processing Component: Workflows
2024-05-04 00:24:12.310 - Info	Processing Component: FieldSecurityProfiles
2024-05-04 00:24:12.310 - Info	Processing Component: Templates
2024-05-04 00:24:12.311 - Info	Processing Component: EntityMaps
2024-05-04 00:24:12.311 - Info	Processing Component: EntityRelationships
2024-05-04 00:24:12.315 - Info	Processing Component: OrganizationSettings
2024-05-04 00:24:12.315 - Info	Processing Component: optionsets
2024-05-04 00:24:12.317 - Info	Processing Component: CustomControls
2024-05-04 00:24:12.333 - Info	 - BeverControls.DragAndDropArea
2024-05-04 00:24:12.340 - Info	Processing Component: SolutionPluginAssemblies
2024-05-04 00:24:12.341 - Info	Processing Component: EntityDataProviders
2024-05-04 00:24:12.348 - Info	Processing Sharded Component Files
2024-05-04 00:24:12.511 - Info	
Unmanaged Pack complete.

2024-05-04 00:25:55.789 - Info	
Packing C:\Users\nilesh.s\Downloads\FileUploader\FatumFileUploader\Solution\obj\Debug\Metadata to bin\Debug\Solution.zip

2024-05-04 00:25:55.805 - Info	Processing Component: Entities
2024-05-04 00:25:55.808 - Info	Processing Component: Roles
2024-05-04 00:25:55.811 - Info	Processing Component: Workflows
2024-05-04 00:25:55.811 - Info	Processing Component: FieldSecurityProfiles
2024-05-04 00:25:55.812 - Info	Processing Component: Templates
2024-05-04 00:25:55.812 - Info	Processing Component: EntityMaps
2024-05-04 00:25:55.812 - Info	Processing Component: EntityRelationships
2024-05-04 00:25:55.815 - Info	Processing Component: OrganizationSettings
2024-05-04 00:25:55.816 - Info	Processing Component: optionsets
2024-05-04 00:25:55.816 - Info	Processing Component: CustomControls
2024-05-04 00:25:55.825 - Info	 - BeverControls.DragAndDropArea
2024-05-04 00:25:55.829 - Info	Processing Component: SolutionPluginAssemblies
2024-05-04 00:25:55.831 - Info	Processing Component: EntityDataProviders
2024-05-04 00:25:55.835 - Info	Processing Sharded Component Files
2024-05-04 00:25:55.956 - Info	
Unmanaged Pack complete.

2024-05-04 00:31:54.605 - Info	
Packing C:\Users\nilesh.s\Downloads\FileUploader\FatumFileUploader\Solution\obj\Debug\Metadata to bin\Debug\Solution.zip

2024-05-04 00:31:54.620 - Info	Processing Component: Entities
2024-05-04 00:31:54.624 - Info	Processing Component: Roles
2024-05-04 00:31:54.629 - Info	Processing Component: Workflows
2024-05-04 00:31:54.630 - Info	Processing Component: FieldSecurityProfiles
2024-05-04 00:31:54.630 - Info	Processing Component: Templates
2024-05-04 00:31:54.631 - Info	Processing Component: EntityMaps
2024-05-04 00:31:54.632 - Info	Processing Component: EntityRelationships
2024-05-04 00:31:54.636 - Info	Processing Component: OrganizationSettings
2024-05-04 00:31:54.637 - Info	Processing Component: optionsets
2024-05-04 00:31:54.638 - Info	Processing Component: CustomControls
2024-05-04 00:31:54.649 - Info	 - BeverControls.DragAndDropArea
2024-05-04 00:31:54.655 - Info	Processing Component: SolutionPluginAssemblies
2024-05-04 00:31:54.656 - Info	Processing Component: EntityDataProviders
2024-05-04 00:31:54.663 - Info	Processing Sharded Component Files
2024-05-04 00:31:54.801 - Info	
Unmanaged Pack complete.

2024-05-04 00:38:15.836 - Info	
Packing C:\Users\nilesh.s\Downloads\FileUploader\FatumFileUploader\Solution\obj\Debug\Metadata to bin\Debug\Solution.zip

2024-05-04 00:38:15.851 - Info	Processing Component: Entities
2024-05-04 00:38:15.855 - Info	Processing Component: Roles
2024-05-04 00:38:15.858 - Info	Processing Component: Workflows
2024-05-04 00:38:15.858 - Info	Processing Component: FieldSecurityProfiles
2024-05-04 00:38:15.858 - Info	Processing Component: Templates
2024-05-04 00:38:15.859 - Info	Processing Component: EntityMaps
2024-05-04 00:38:15.859 - Info	Processing Component: EntityRelationships
2024-05-04 00:38:15.863 - Info	Processing Component: OrganizationSettings
2024-05-04 00:38:15.864 - Info	Processing Component: optionsets
2024-05-04 00:38:15.864 - Info	Processing Component: CustomControls
2024-05-04 00:38:15.873 - Info	 - BeverControls.DragAndDropArea
2024-05-04 00:38:15.877 - Info	Processing Component: SolutionPluginAssemblies
2024-05-04 00:38:15.879 - Info	Processing Component: EntityDataProviders
2024-05-04 00:38:15.887 - Info	Processing Sharded Component Files
2024-05-04 00:38:16.008 - Info	
Unmanaged Pack complete.

2025-03-11 01:12:31.737 - Info	
Packing C:\Users\sanjiv.s\Downloads\DragNDrop\FileUploader\FatumFileUploader\solution\obj\Debug\Metadata to bin\Debug\Solution.zip

2025-03-11 01:12:31.754 - Info	Processing Component: Entities
2025-03-11 01:12:31.758 - Info	Processing Component: Roles
2025-03-11 01:12:31.758 - Info	Processing Component: Workflows
2025-03-11 01:12:31.758 - Info	Processing Component: FieldSecurityProfiles
2025-03-11 01:12:31.758 - Info	Processing Component: Templates
2025-03-11 01:12:31.758 - Info	Processing Component: EntityMaps
2025-03-11 01:12:31.758 - Info	Processing Component: EntityRelationships
2025-03-11 01:12:31.767 - Info	Processing Component: OrganizationSettings
2025-03-11 01:12:31.767 - Info	Processing Component: optionsets
2025-03-11 01:12:31.767 - Info	Processing Component: CustomControls
2025-03-11 01:12:31.782 - Info	 - BeverControls.DragAndDropArea
2025-03-11 01:12:31.791 - Info	Processing Component: SolutionPluginAssemblies
2025-03-11 01:12:31.791 - Info	Processing Component: EntityDataProviders
2025-03-11 01:12:31.798 - Info	Processing Sharded Component Files
2025-03-11 01:12:31.948 - Info	
Unmanaged Pack complete.

2025-03-11 01:20:30.898 - Info	
Packing C:\Users\sanjiv.s\Downloads\DragNDrop\FileUploader\FatumFileUploader\solution\obj\Debug\Metadata to bin\Debug\Solution.zip

2025-03-11 01:20:30.929 - Info	Processing Component: Entities
2025-03-11 01:20:30.938 - Info	Processing Component: Roles
2025-03-11 01:20:30.942 - Info	Processing Component: Workflows
2025-03-11 01:20:30.942 - Info	Processing Component: FieldSecurityProfiles
2025-03-11 01:20:30.947 - Info	Processing Component: Templates
2025-03-11 01:20:30.948 - Info	Processing Component: EntityMaps
2025-03-11 01:20:30.948 - Info	Processing Component: EntityRelationships
2025-03-11 01:20:30.954 - Info	Processing Component: OrganizationSettings
2025-03-11 01:20:30.958 - Info	Processing Component: optionsets
2025-03-11 01:20:30.958 - Info	Processing Component: CustomControls
2025-03-11 01:20:30.971 - Info	 - BeverControls.DragAndDropArea
2025-03-11 01:20:30.984 - Info	Processing Component: SolutionPluginAssemblies
2025-03-11 01:20:30.989 - Info	Processing Component: EntityDataProviders
2025-03-11 01:20:31.003 - Info	Processing Sharded Component Files
2025-03-11 01:20:31.149 - Info	
Unmanaged Pack complete.

2025-03-11 01:54:48.121 - Info	
Packing C:\Users\sanjiv.s\Downloads\DragNDrop\FileUploader\FatumFileUploader\solution\obj\Debug\Metadata to bin\Debug\Solution.zip

2025-03-11 01:54:48.141 - Info	Processing Component: Entities
2025-03-11 01:54:48.146 - Info	Processing Component: Roles
2025-03-11 01:54:48.146 - Info	Processing Component: Workflows
2025-03-11 01:54:48.150 - Info	Processing Component: FieldSecurityProfiles
2025-03-11 01:54:48.150 - Info	Processing Component: Templates
2025-03-11 01:54:48.150 - Info	Processing Component: EntityMaps
2025-03-11 01:54:48.150 - Info	Processing Component: EntityRelationships
2025-03-11 01:54:48.155 - Info	Processing Component: OrganizationSettings
2025-03-11 01:54:48.155 - Info	Processing Component: optionsets
2025-03-11 01:54:48.155 - Info	Processing Component: CustomControls
2025-03-11 01:54:48.170 - Info	 - BeverControls.DragAndDropArea
2025-03-11 01:54:48.178 - Info	Processing Component: SolutionPluginAssemblies
2025-03-11 01:54:48.178 - Info	Processing Component: EntityDataProviders
2025-03-11 01:54:48.184 - Info	Processing Sharded Component Files
2025-03-11 01:54:48.340 - Info	
Unmanaged Pack complete.

2025-03-11 15:47:31.347 - Info	
Packing C:\Users\sanjiv.s\Downloads\DragNDrop\FileUploader\FatumFileUploader\solution\obj\Debug\Metadata to bin\Debug\Solution.zip

2025-03-11 15:47:31.370 - Info	Processing Component: Entities
2025-03-11 15:47:31.370 - Info	Processing Component: Roles
2025-03-11 15:47:31.370 - Info	Processing Component: Workflows
2025-03-11 15:47:31.378 - Info	Processing Component: FieldSecurityProfiles
2025-03-11 15:47:31.378 - Info	Processing Component: Templates
2025-03-11 15:47:31.378 - Info	Processing Component: EntityMaps
2025-03-11 15:47:31.378 - Info	Processing Component: EntityRelationships
2025-03-11 15:47:31.387 - Info	Processing Component: OrganizationSettings
2025-03-11 15:47:31.387 - Info	Processing Component: optionsets
2025-03-11 15:47:31.387 - Info	Processing Component: CustomControls
2025-03-11 15:47:31.403 - Info	 - BeverControls.DragAndDropArea
2025-03-11 15:47:31.517 - Info	Processing Component: SolutionPluginAssemblies
2025-03-11 15:47:31.520 - Info	Processing Component: EntityDataProviders
2025-03-11 15:47:31.526 - Info	Processing Sharded Component Files
2025-03-11 15:47:31.732 - Info	
Unmanaged Pack complete.

