2024-04-22 11:37:36.858 - Info	
Packing C:\Users\nilesh.s\Downloads\FileUploader\obj\Debug\Metadata to bin\Debug\FileUploader.zip

2024-04-22 11:37:36.883 - Info	Processing Component: Entities
2024-04-22 11:37:36.887 - Info	Processing Component: Roles
2024-04-22 11:37:36.892 - Info	Processing Component: Workflows
2024-04-22 11:37:36.893 - Info	Processing Component: FieldSecurityProfiles
2024-04-22 11:37:36.894 - Info	Processing Component: Templates
2024-04-22 11:37:36.895 - Info	Processing Component: EntityMaps
2024-04-22 11:37:36.896 - Info	Processing Component: EntityRelationships
2024-04-22 11:37:36.900 - Info	Processing Component: OrganizationSettings
2024-04-22 11:37:36.901 - Info	Processing Component: optionsets
2024-04-22 11:37:36.901 - Info	Processing Component: CustomControls
2024-04-22 11:37:36.905 - Info	Processing Component: SolutionPluginAssemblies
2024-04-22 11:37:36.908 - Info	Processing Component: EntityDataProviders
2024-04-22 11:37:36.927 - Info	Processing Sharded Component Files
2024-04-22 11:37:36.999 - Info	
Unmanaged Pack complete.

2025-03-10 19:06:12.888 - Info	
Packing C:\Users\sanjiv.s\Downloads\DragNDrop\Fileuploader\obj\Debug\Metadata to bin\Debug\FileUploader.zip

2025-03-10 19:06:12.912 - Info	Processing Component: Entities
2025-03-10 19:06:12.923 - Info	Processing Component: Roles
2025-03-10 19:06:12.932 - Info	Processing Component: Workflows
2025-03-10 19:06:12.934 - Info	Processing Component: FieldSecurityProfiles
2025-03-10 19:06:12.935 - Info	Processing Component: Templates
2025-03-10 19:06:12.939 - Info	Processing Component: EntityMaps
2025-03-10 19:06:12.942 - Info	Processing Component: EntityRelationships
2025-03-10 19:06:12.948 - Info	Processing Component: OrganizationSettings
2025-03-10 19:06:12.950 - Info	Processing Component: optionsets
2025-03-10 19:06:12.950 - Info	Processing Component: CustomControls
2025-03-10 19:06:12.956 - Info	Processing Component: SolutionPluginAssemblies
2025-03-10 19:06:12.958 - Info	Processing Component: EntityDataProviders
2025-03-10 19:06:12.967 - Info	Processing Sharded Component Files
2025-03-10 19:06:13.010 - Info	
Unmanaged Pack complete.

2025-03-10 21:44:43.211 - Info	
Packing C:\Users\sanjiv.s\Downloads\DragNDrop\fileuploader\obj\Debug\Metadata to bin\Debug\FileUploader.zip

2025-03-10 21:44:43.228 - Info	Processing Component: Entities
2025-03-10 21:44:43.231 - Info	Processing Component: Roles
2025-03-10 21:44:43.237 - Info	Processing Component: Workflows
2025-03-10 21:44:43.239 - Info	Processing Component: FieldSecurityProfiles
2025-03-10 21:44:43.240 - Info	Processing Component: Templates
2025-03-10 21:44:43.241 - Info	Processing Component: EntityMaps
2025-03-10 21:44:43.241 - Info	Processing Component: EntityRelationships
2025-03-10 21:44:43.245 - Info	Processing Component: OrganizationSettings
2025-03-10 21:44:43.246 - Info	Processing Component: optionsets
2025-03-10 21:44:43.246 - Info	Processing Component: CustomControls
2025-03-10 21:44:43.250 - Info	Processing Component: SolutionPluginAssemblies
2025-03-10 21:44:43.252 - Info	Processing Component: EntityDataProviders
2025-03-10 21:44:43.261 - Info	Processing Sharded Component Files
2025-03-10 21:44:43.303 - Info	
Unmanaged Pack complete.

2025-03-10 21:47:22.605 - Info	
Packing C:\Users\sanjiv.s\Downloads\DragNDrop\fileuploader\obj\Debug\Metadata to bin\Debug\FileUploader.zip

2025-03-10 21:47:22.619 - Info	Processing Component: Entities
2025-03-10 21:47:22.623 - Info	Processing Component: Roles
2025-03-10 21:47:22.626 - Info	Processing Component: Workflows
2025-03-10 21:47:22.626 - Info	Processing Component: FieldSecurityProfiles
2025-03-10 21:47:22.627 - Info	Processing Component: Templates
2025-03-10 21:47:22.627 - Info	Processing Component: EntityMaps
2025-03-10 21:47:22.628 - Info	Processing Component: EntityRelationships
2025-03-10 21:47:22.634 - Info	Processing Component: OrganizationSettings
2025-03-10 21:47:22.634 - Info	Processing Component: optionsets
2025-03-10 21:47:22.635 - Info	Processing Component: CustomControls
2025-03-10 21:47:22.637 - Info	Processing Component: SolutionPluginAssemblies
2025-03-10 21:47:22.639 - Info	Processing Component: EntityDataProviders
2025-03-10 21:47:22.645 - Info	Processing Sharded Component Files
2025-03-10 21:47:22.673 - Info	
Unmanaged Pack complete.

2025-03-10 21:51:58.654 - Info	
Packing C:\Users\sanjiv.s\Downloads\DragNDrop\fileuploader\obj\Debug\Metadata to bin\Debug\FileUploader.zip

2025-03-10 21:51:58.675 - Info	Processing Component: Entities
2025-03-10 21:51:58.678 - Info	Processing Component: Roles
2025-03-10 21:51:58.682 - Info	Processing Component: Workflows
2025-03-10 21:51:58.683 - Info	Processing Component: FieldSecurityProfiles
2025-03-10 21:51:58.683 - Info	Processing Component: Templates
2025-03-10 21:51:58.684 - Info	Processing Component: EntityMaps
2025-03-10 21:51:58.685 - Info	Processing Component: EntityRelationships
2025-03-10 21:51:58.691 - Info	Processing Component: OrganizationSettings
2025-03-10 21:51:58.692 - Info	Processing Component: optionsets
2025-03-10 21:51:58.692 - Info	Processing Component: CustomControls
2025-03-10 21:51:58.695 - Info	Processing Component: SolutionPluginAssemblies
2025-03-10 21:51:58.697 - Info	Processing Component: EntityDataProviders
2025-03-10 21:51:58.703 - Info	Processing Sharded Component Files
2025-03-10 21:51:58.735 - Info	
Unmanaged Pack complete.

2025-03-10 23:06:29.911 - Info	
Packing C:\Users\sanjiv.s\Downloads\DragNDrop\fileuploader\obj\Debug\Metadata to bin\Debug\FileUploader.zip

2025-03-10 23:06:29.927 - Info	Processing Component: Entities
2025-03-10 23:06:29.930 - Info	Processing Component: Roles
2025-03-10 23:06:29.936 - Info	Processing Component: Workflows
2025-03-10 23:06:29.936 - Info	Processing Component: FieldSecurityProfiles
2025-03-10 23:06:29.936 - Info	Processing Component: Templates
2025-03-10 23:06:29.936 - Info	Processing Component: EntityMaps
2025-03-10 23:06:29.936 - Info	Processing Component: EntityRelationships
2025-03-10 23:06:29.936 - Info	Processing Component: OrganizationSettings
2025-03-10 23:06:29.936 - Info	Processing Component: optionsets
2025-03-10 23:06:29.936 - Info	Processing Component: CustomControls
2025-03-10 23:06:29.944 - Info	Processing Component: SolutionPluginAssemblies
2025-03-10 23:06:29.947 - Info	Processing Component: EntityDataProviders
2025-03-10 23:06:29.952 - Info	Processing Sharded Component Files
2025-03-10 23:06:30.013 - Info	
Unmanaged Pack complete.

2025-03-10 23:20:31.778 - Info	
Packing C:\Users\sanjiv.s\Downloads\DragNDrop\fileuploader\obj\Debug\Metadata to bin\Debug\FileUploader.zip

2025-03-10 23:20:31.786 - Info	Processing Component: Entities
2025-03-10 23:20:31.786 - Info	Processing Component: Roles
2025-03-10 23:20:31.796 - Info	Processing Component: Workflows
2025-03-10 23:20:31.796 - Info	Processing Component: FieldSecurityProfiles
2025-03-10 23:20:31.796 - Info	Processing Component: Templates
2025-03-10 23:20:31.796 - Info	Processing Component: EntityMaps
2025-03-10 23:20:31.796 - Info	Processing Component: EntityRelationships
2025-03-10 23:20:31.796 - Info	Processing Component: OrganizationSettings
2025-03-10 23:20:31.803 - Info	Processing Component: optionsets
2025-03-10 23:20:31.803 - Info	Processing Component: CustomControls
2025-03-10 23:20:31.803 - Info	Processing Component: SolutionPluginAssemblies
2025-03-10 23:20:31.803 - Info	Processing Component: EntityDataProviders
2025-03-10 23:20:31.811 - Info	Processing Sharded Component Files
2025-03-10 23:20:31.836 - Info	
Unmanaged Pack complete.

